2021-09-13 11:46:14,153 - apiSend.py - INFO: ================================================================================
2021-09-13 11:46:14,153 - apiSend.py - DEBUG: 请求头处理结果：{'Host': 'api.652615.com', 'Origin': 'http://rest79.652615.com', 'X-Liuyi-Device-ID': '4bc8be9552bb0131', 'Authorization': 'Bearer 0df0b9d9d9ac1c69064a5de6e845ceb8', 'Content-Type': 'application/x-www-form-urlencoded;charset=utf-8', 'Accept': 'application/json, text/plain, */*', 'User-Agent': 'Mozilla/5.0 (Linux; Android 10; HRY-AL00a Build/HONORHRY-AL00a; wv) AppleWebKit/537.36 (KHTML, like Gecko) Version/4.0 Chrome/80.0.3987.99 Mobile Safari/537.36 AgentWeb/4.1.3  UCBrowser/11.6.4.950', 'X-Liuyi-App-Key': '6682119c5d55765c882bd2d9997df2c1', 'X-Requested-With': 'com.www.cn.zhimahaojie', 'Referer': 'http://rest79.652615.com/?appKey=6682119c5d55765c882bd2d9997df2c1&deviceId=4bc8be9552bb0131&wechat=0?deviceId=4bc8be9552bb0131&appName=%E8%8A%9D%E9%BA%BB%E5%A5%BD%E5%80%9F', 'Accept-Encoding': 'gzip, deflate', 'Accept-Language': 'zh-CN,zh;q=0.9,en-US;q=0.8,en;q=0.7', 'Connection': 'keep-alive'}
2021-09-13 11:46:14,154 - apiSend.py - DEBUG: 请求参数处理结果：{'time': 1631503361}
2021-09-13 11:46:14,154 - apiSend.py - DEBUG: host处理结果： api.652615.com
2021-09-13 11:46:14,154 - apiSend.py - INFO: 请求接口：vip_goods_of_yueka
2021-09-13 11:46:14,154 - apiSend.py - INFO: 请求头: {'Host': 'api.652615.com', 'Origin': 'http://rest79.652615.com', 'X-Liuyi-Device-ID': '4bc8be9552bb0131', 'Authorization': 'Bearer 0df0b9d9d9ac1c69064a5de6e845ceb8', 'Content-Type': 'application/x-www-form-urlencoded;charset=utf-8', 'Accept': 'application/json, text/plain, */*', 'User-Agent': 'Mozilla/5.0 (Linux; Android 10; HRY-AL00a Build/HONORHRY-AL00a; wv) AppleWebKit/537.36 (KHTML, like Gecko) Version/4.0 Chrome/80.0.3987.99 Mobile Safari/537.36 AgentWeb/4.1.3  UCBrowser/11.6.4.950', 'X-Liuyi-App-Key': '6682119c5d55765c882bd2d9997df2c1', 'X-Requested-With': 'com.www.cn.zhimahaojie', 'Referer': 'http://rest79.652615.com/?appKey=6682119c5d55765c882bd2d9997df2c1&deviceId=4bc8be9552bb0131&wechat=0?deviceId=4bc8be9552bb0131&appName=%E8%8A%9D%E9%BA%BB%E5%A5%BD%E5%80%9F', 'Accept-Encoding': 'gzip, deflate', 'Accept-Language': 'zh-CN,zh;q=0.9,en-US;q=0.8,en;q=0.7', 'Connection': 'keep-alive'}
2021-09-13 11:46:14,155 - apiSend.py - INFO: 请求参数: {'time': 1631503361}
2021-09-13 11:46:14,155 - apiSend.py - INFO: 请求方法: GET
2021-09-13 11:46:14,157 - connectionpool.py - DEBUG: Starting new HTTP connection (1): api.652615.com:80
2021-09-13 11:46:14,236 - connectionpool.py - DEBUG: http://api.652615.com:80 "GET /liuyi/rest79/user/vip_goods_of_yueka?time=1631503361 HTTP/1.1" 200 834
2021-09-13 11:46:14,237 - apiSend.py - INFO: 请求接口结果：
 (200, {'code': 200, 'data': [{'category': 0, 'createTime': '2020-10-22 10:17:03', 'description': '尊享VIP（ 客服WX：fmy1357 )', 'discountPrice': 49.9, 'duration': '30', 'id': '769', 'logo': '', 'name': '月卡', 'originPrice': 69.9, 'platformKey': '7.9', 'state': 1, 'type': 1, 'updateTime': '2020-10-22 10:17:03', 'url': ''}, {'category': 0, 'createTime': '2021-03-04 10:59:15', 'description': '一个月有效', 'discountPrice': 69.9, 'duration': '90', 'id': '772', 'logo': '', 'name': '季卡', 'originPrice': 99.9, 'platformKey': '7.9', 'state': 1, 'type': 1, 'updateTime': '2020-10-22 10:17:03', 'url': ''}, {'category': 0, 'createTime': '2021-03-04 10:59:16', 'description': '一个月有效', 'discountPrice': 99.9, 'duration': '365', 'id': '773', 'logo': '', 'name': '年卡', 'originPrice': 199.9, 'platformKey': '7.9', 'state': 1, 'type': 1, 'updateTime': '2020-10-22 10:17:03', 'url': ''}], 'message': ''})
2021-09-13 14:01:40,119 - apiSend.py - INFO: ================================================================================
2021-09-13 14:01:40,120 - apiSend.py - DEBUG: 请求头处理结果：{'Host': 'api.652615.com', 'Origin': 'http://rest79.652615.com', 'X-Liuyi-Device-ID': '4bc8be9552bb0131', 'Authorization': 'Bearer 8b1eb1568245b5844e824d1df31e0a46', 'Content-Type': 'application/x-www-form-urlencoded;charset=utf-8', 'Accept': 'application/json, text/plain, */*', 'User-Agent': 'Mozilla/5.0 (Linux; Android 10; HRY-AL00a Build/HONORHRY-AL00a; wv) AppleWebKit/537.36 (KHTML, like Gecko) Version/4.0 Chrome/80.0.3987.99 Mobile Safari/537.36 AgentWeb/4.1.3  UCBrowser/11.6.4.950', 'X-Liuyi-App-Key': '6682119c5d55765c882bd2d9997df2c1', 'X-Requested-With': 'com.www.cn.zhimahaojie', 'Referer': 'http://rest79.652615.com/?appKey=6682119c5d55765c882bd2d9997df2c1&deviceId=4bc8be9552bb0131&wechat=0?deviceId=4bc8be9552bb0131&appName=%E8%8A%9D%E9%BA%BB%E5%A5%BD%E5%80%9F', 'Accept-Encoding': 'gzip, deflate', 'Accept-Language': 'zh-CN,zh;q=0.9,en-US;q=0.8,en;q=0.7', 'Connection': 'keep-alive'}
2021-09-13 14:01:40,120 - apiSend.py - DEBUG: 请求参数处理结果：{'time': 1631503361}
2021-09-13 14:01:40,120 - apiSend.py - DEBUG: host处理结果： api.652615.com
2021-09-13 14:01:40,120 - apiSend.py - INFO: 请求接口：vip_pay
2021-09-13 14:01:40,120 - apiSend.py - INFO: 请求头: {'Host': 'api.652615.com', 'Origin': 'http://rest79.652615.com', 'X-Liuyi-Device-ID': '4bc8be9552bb0131', 'Authorization': 'Bearer 8b1eb1568245b5844e824d1df31e0a46', 'Content-Type': 'application/x-www-form-urlencoded;charset=utf-8', 'Accept': 'application/json, text/plain, */*', 'User-Agent': 'Mozilla/5.0 (Linux; Android 10; HRY-AL00a Build/HONORHRY-AL00a; wv) AppleWebKit/537.36 (KHTML, like Gecko) Version/4.0 Chrome/80.0.3987.99 Mobile Safari/537.36 AgentWeb/4.1.3  UCBrowser/11.6.4.950', 'X-Liuyi-App-Key': '6682119c5d55765c882bd2d9997df2c1', 'X-Requested-With': 'com.www.cn.zhimahaojie', 'Referer': 'http://rest79.652615.com/?appKey=6682119c5d55765c882bd2d9997df2c1&deviceId=4bc8be9552bb0131&wechat=0?deviceId=4bc8be9552bb0131&appName=%E8%8A%9D%E9%BA%BB%E5%A5%BD%E5%80%9F', 'Accept-Encoding': 'gzip, deflate', 'Accept-Language': 'zh-CN,zh;q=0.9,en-US;q=0.8,en;q=0.7', 'Connection': 'keep-alive'}
2021-09-13 14:01:40,120 - apiSend.py - INFO: 请求参数: {'time': 1631503361}
2021-09-13 14:01:40,120 - apiSend.py - INFO: 请求方法: GET
2021-09-13 14:01:40,123 - connectionpool.py - DEBUG: Starting new HTTP connection (1): api.652615.com:80
2021-09-13 14:01:40,230 - connectionpool.py - DEBUG: http://api.652615.com:80 "GET /liuyi/rest77/pay/ticket?time=1631503361 HTTP/1.1" 200 67
2021-09-13 14:01:40,231 - apiSend.py - INFO: 请求接口结果：
 (200, {'code': 200, 'data': '195e1149b866163d65663ffc3c7c7bc6', 'message': ''})
2021-09-13 14:05:25,680 - apiSend.py - INFO: ================================================================================
2021-09-13 14:05:25,681 - apiSend.py - DEBUG: 请求头处理结果：{'Host': 'api.652615.com', 'Origin': 'http://rest79.652615.com', 'X-Liuyi-Device-ID': '4bc8be9552bb0131', 'Authorization': 'Bearer 8b1eb1568245b5844e824d1df31e0a46', 'Content-Type': 'application/x-www-form-urlencoded;charset=utf-8', 'Accept': 'application/json, text/plain, */*', 'User-Agent': 'Mozilla/5.0 (Linux; Android 10; HRY-AL00a Build/HONORHRY-AL00a; wv) AppleWebKit/537.36 (KHTML, like Gecko) Version/4.0 Chrome/80.0.3987.99 Mobile Safari/537.36 AgentWeb/4.1.3  UCBrowser/11.6.4.950', 'X-Liuyi-App-Key': '6682119c5d55765c882bd2d9997df2c1', 'X-Requested-With': 'com.www.cn.zhimahaojie', 'Referer': 'http://rest79.652615.com/?appKey=6682119c5d55765c882bd2d9997df2c1&deviceId=4bc8be9552bb0131&wechat=0?deviceId=4bc8be9552bb0131&appName=%E8%8A%9D%E9%BA%BB%E5%A5%BD%E5%80%9F', 'Accept-Encoding': 'gzip, deflate', 'Accept-Language': 'zh-CN,zh;q=0.9,en-US;q=0.8,en;q=0.7', 'Connection': 'keep-alive'}
2021-09-13 14:05:25,681 - apiSend.py - DEBUG: 请求参数处理结果：{'time': 1631503361}
2021-09-13 14:05:25,681 - apiSend.py - DEBUG: host处理结果： api.652615.com
2021-09-13 14:05:25,681 - apiSend.py - INFO: 请求接口：vip_pay
2021-09-13 14:05:25,681 - apiSend.py - INFO: 请求头: {'Host': 'api.652615.com', 'Origin': 'http://rest79.652615.com', 'X-Liuyi-Device-ID': '4bc8be9552bb0131', 'Authorization': 'Bearer 8b1eb1568245b5844e824d1df31e0a46', 'Content-Type': 'application/x-www-form-urlencoded;charset=utf-8', 'Accept': 'application/json, text/plain, */*', 'User-Agent': 'Mozilla/5.0 (Linux; Android 10; HRY-AL00a Build/HONORHRY-AL00a; wv) AppleWebKit/537.36 (KHTML, like Gecko) Version/4.0 Chrome/80.0.3987.99 Mobile Safari/537.36 AgentWeb/4.1.3  UCBrowser/11.6.4.950', 'X-Liuyi-App-Key': '6682119c5d55765c882bd2d9997df2c1', 'X-Requested-With': 'com.www.cn.zhimahaojie', 'Referer': 'http://rest79.652615.com/?appKey=6682119c5d55765c882bd2d9997df2c1&deviceId=4bc8be9552bb0131&wechat=0?deviceId=4bc8be9552bb0131&appName=%E8%8A%9D%E9%BA%BB%E5%A5%BD%E5%80%9F', 'Accept-Encoding': 'gzip, deflate', 'Accept-Language': 'zh-CN,zh;q=0.9,en-US;q=0.8,en;q=0.7', 'Connection': 'keep-alive'}
2021-09-13 14:05:25,681 - apiSend.py - INFO: 请求参数: {'time': 1631503361}
2021-09-13 14:05:25,682 - apiSend.py - INFO: 请求方法: GET
2021-09-13 14:05:25,685 - connectionpool.py - DEBUG: Starting new HTTP connection (1): api.652615.com:80
2021-09-13 14:05:25,788 - connectionpool.py - DEBUG: http://api.652615.com:80 "GET /liuyi/rest77/pay/ticket?time=1631503361 HTTP/1.1" 200 67
2021-09-13 14:05:25,788 - apiSend.py - INFO: 请求接口结果：
 (200, {'code': 200, 'data': 'b0f2a06c2476094b7798d2ae2bc6246f', 'message': ''})
2021-09-13 14:05:28,871 - apiSend.py - INFO: ================================================================================
2021-09-13 14:05:28,871 - apiSend.py - DEBUG: 请求头处理结果：{'Host': 'api.652615.com', 'Origin': 'http://rest79.652615.com', 'X-Liuyi-Device-ID': '4bc8be9552bb0131', 'Authorization': 'Bearer 8b1eb1568245b5844e824d1df31e0a46', 'Content-Type': 'application/x-www-form-urlencoded;charset=utf-8', 'Accept': 'application/json, text/plain, */*', 'User-Agent': 'Mozilla/5.0 (Linux; Android 10; HRY-AL00a Build/HONORHRY-AL00a; wv) AppleWebKit/537.36 (KHTML, like Gecko) Version/4.0 Chrome/80.0.3987.99 Mobile Safari/537.36 AgentWeb/4.1.3  UCBrowser/11.6.4.950', 'X-Liuyi-App-Key': '6682119c5d55765c882bd2d9997df2c1', 'X-Requested-With': 'com.www.cn.zhimahaojie', 'Referer': 'http://rest79.652615.com/?appKey=6682119c5d55765c882bd2d9997df2c1&deviceId=4bc8be9552bb0131&wechat=0?deviceId=4bc8be9552bb0131&appName=%E8%8A%9D%E9%BA%BB%E5%A5%BD%E5%80%9F', 'Accept-Encoding': 'gzip, deflate', 'Accept-Language': 'zh-CN,zh;q=0.9,en-US;q=0.8,en;q=0.7', 'Connection': 'keep-alive'}
2021-09-13 14:05:28,871 - apiSend.py - DEBUG: 请求参数处理结果：{'time': 1631503361}
2021-09-13 14:05:28,871 - apiSend.py - DEBUG: host处理结果： api.652615.com
2021-09-13 14:05:28,872 - apiSend.py - INFO: 请求接口：vip_pay
2021-09-13 14:05:28,872 - apiSend.py - INFO: 请求头: {'Host': 'api.652615.com', 'Origin': 'http://rest79.652615.com', 'X-Liuyi-Device-ID': '4bc8be9552bb0131', 'Authorization': 'Bearer 8b1eb1568245b5844e824d1df31e0a46', 'Content-Type': 'application/x-www-form-urlencoded;charset=utf-8', 'Accept': 'application/json, text/plain, */*', 'User-Agent': 'Mozilla/5.0 (Linux; Android 10; HRY-AL00a Build/HONORHRY-AL00a; wv) AppleWebKit/537.36 (KHTML, like Gecko) Version/4.0 Chrome/80.0.3987.99 Mobile Safari/537.36 AgentWeb/4.1.3  UCBrowser/11.6.4.950', 'X-Liuyi-App-Key': '6682119c5d55765c882bd2d9997df2c1', 'X-Requested-With': 'com.www.cn.zhimahaojie', 'Referer': 'http://rest79.652615.com/?appKey=6682119c5d55765c882bd2d9997df2c1&deviceId=4bc8be9552bb0131&wechat=0?deviceId=4bc8be9552bb0131&appName=%E8%8A%9D%E9%BA%BB%E5%A5%BD%E5%80%9F', 'Accept-Encoding': 'gzip, deflate', 'Accept-Language': 'zh-CN,zh;q=0.9,en-US;q=0.8,en;q=0.7', 'Connection': 'keep-alive'}
2021-09-13 14:05:28,872 - apiSend.py - INFO: 请求参数: {'time': 1631503361}
2021-09-13 14:05:28,872 - apiSend.py - INFO: 请求方法: GET
2021-09-13 14:05:28,873 - connectionpool.py - DEBUG: Starting new HTTP connection (1): api.652615.com:80
2021-09-13 14:05:28,986 - connectionpool.py - DEBUG: http://api.652615.com:80 "GET /liuyi/rest77/pay/ticket?time=1631503361 HTTP/1.1" 200 67
2021-09-13 14:05:28,987 - apiSend.py - INFO: 请求接口结果：
 (200, {'code': 200, 'data': 'fe6118efe0be42bcdf33df155cd49ae2', 'message': ''})
2021-09-13 14:05:31,993 - apiSend.py - INFO: ================================================================================
2021-09-13 14:05:31,994 - apiSend.py - DEBUG: 请求头处理结果：{'Host': 'api.652615.com', 'Origin': 'http://rest79.652615.com', 'X-Liuyi-Device-ID': '4bc8be9552bb0131', 'Authorization': 'Bearer 8b1eb1568245b5844e824d1df31e0a46', 'Content-Type': 'application/x-www-form-urlencoded;charset=utf-8', 'Accept': 'application/json, text/plain, */*', 'User-Agent': 'Mozilla/5.0 (Linux; Android 10; HRY-AL00a Build/HONORHRY-AL00a; wv) AppleWebKit/537.36 (KHTML, like Gecko) Version/4.0 Chrome/80.0.3987.99 Mobile Safari/537.36 AgentWeb/4.1.3  UCBrowser/11.6.4.950', 'X-Liuyi-App-Key': '6682119c5d55765c882bd2d9997df2c1', 'X-Requested-With': 'com.www.cn.zhimahaojie', 'Referer': 'http://rest79.652615.com/?appKey=6682119c5d55765c882bd2d9997df2c1&deviceId=4bc8be9552bb0131&wechat=0?deviceId=4bc8be9552bb0131&appName=%E8%8A%9D%E9%BA%BB%E5%A5%BD%E5%80%9F', 'Accept-Encoding': 'gzip, deflate', 'Accept-Language': 'zh-CN,zh;q=0.9,en-US;q=0.8,en;q=0.7', 'Connection': 'keep-alive'}
2021-09-13 14:05:31,994 - apiSend.py - DEBUG: 请求参数处理结果：{'time': 1631503361}
2021-09-13 14:05:31,994 - apiSend.py - DEBUG: host处理结果： api.652615.com
2021-09-13 14:05:31,994 - apiSend.py - INFO: 请求接口：vip_pay
2021-09-13 14:05:31,994 - apiSend.py - INFO: 请求头: {'Host': 'api.652615.com', 'Origin': 'http://rest79.652615.com', 'X-Liuyi-Device-ID': '4bc8be9552bb0131', 'Authorization': 'Bearer 8b1eb1568245b5844e824d1df31e0a46', 'Content-Type': 'application/x-www-form-urlencoded;charset=utf-8', 'Accept': 'application/json, text/plain, */*', 'User-Agent': 'Mozilla/5.0 (Linux; Android 10; HRY-AL00a Build/HONORHRY-AL00a; wv) AppleWebKit/537.36 (KHTML, like Gecko) Version/4.0 Chrome/80.0.3987.99 Mobile Safari/537.36 AgentWeb/4.1.3  UCBrowser/11.6.4.950', 'X-Liuyi-App-Key': '6682119c5d55765c882bd2d9997df2c1', 'X-Requested-With': 'com.www.cn.zhimahaojie', 'Referer': 'http://rest79.652615.com/?appKey=6682119c5d55765c882bd2d9997df2c1&deviceId=4bc8be9552bb0131&wechat=0?deviceId=4bc8be9552bb0131&appName=%E8%8A%9D%E9%BA%BB%E5%A5%BD%E5%80%9F', 'Accept-Encoding': 'gzip, deflate', 'Accept-Language': 'zh-CN,zh;q=0.9,en-US;q=0.8,en;q=0.7', 'Connection': 'keep-alive'}
2021-09-13 14:05:31,994 - apiSend.py - INFO: 请求参数: {'time': 1631503361}
2021-09-13 14:05:31,995 - apiSend.py - INFO: 请求方法: GET
2021-09-13 14:05:31,996 - connectionpool.py - DEBUG: Starting new HTTP connection (1): api.652615.com:80
2021-09-13 14:05:32,096 - connectionpool.py - DEBUG: http://api.652615.com:80 "GET /liuyi/rest77/pay/ticket?time=1631503361 HTTP/1.1" 200 67
2021-09-13 14:05:32,096 - apiSend.py - INFO: 请求接口结果：
 (200, {'code': 200, 'data': 'ca42b50ebbb587f44fd80ce78742a9b9', 'message': ''})
2021-09-13 14:05:35,102 - apiSend.py - INFO: ================================================================================
2021-09-13 14:05:35,102 - apiSend.py - DEBUG: 请求头处理结果：{'Host': 'api.652615.com', 'Origin': 'http://rest79.652615.com', 'X-Liuyi-Device-ID': '4bc8be9552bb0131', 'Authorization': 'Bearer 8b1eb1568245b5844e824d1df31e0a46', 'Content-Type': 'application/x-www-form-urlencoded;charset=utf-8', 'Accept': 'application/json, text/plain, */*', 'User-Agent': 'Mozilla/5.0 (Linux; Android 10; HRY-AL00a Build/HONORHRY-AL00a; wv) AppleWebKit/537.36 (KHTML, like Gecko) Version/4.0 Chrome/80.0.3987.99 Mobile Safari/537.36 AgentWeb/4.1.3  UCBrowser/11.6.4.950', 'X-Liuyi-App-Key': '6682119c5d55765c882bd2d9997df2c1', 'X-Requested-With': 'com.www.cn.zhimahaojie', 'Referer': 'http://rest79.652615.com/?appKey=6682119c5d55765c882bd2d9997df2c1&deviceId=4bc8be9552bb0131&wechat=0?deviceId=4bc8be9552bb0131&appName=%E8%8A%9D%E9%BA%BB%E5%A5%BD%E5%80%9F', 'Accept-Encoding': 'gzip, deflate', 'Accept-Language': 'zh-CN,zh;q=0.9,en-US;q=0.8,en;q=0.7', 'Connection': 'keep-alive'}
2021-09-13 14:05:35,102 - apiSend.py - DEBUG: 请求参数处理结果：{'time': 1631503361}
2021-09-13 14:05:35,102 - apiSend.py - DEBUG: host处理结果： api.652615.com
2021-09-13 14:05:35,102 - apiSend.py - INFO: 请求接口：vip_pay
2021-09-13 14:05:35,103 - apiSend.py - INFO: 请求头: {'Host': 'api.652615.com', 'Origin': 'http://rest79.652615.com', 'X-Liuyi-Device-ID': '4bc8be9552bb0131', 'Authorization': 'Bearer 8b1eb1568245b5844e824d1df31e0a46', 'Content-Type': 'application/x-www-form-urlencoded;charset=utf-8', 'Accept': 'application/json, text/plain, */*', 'User-Agent': 'Mozilla/5.0 (Linux; Android 10; HRY-AL00a Build/HONORHRY-AL00a; wv) AppleWebKit/537.36 (KHTML, like Gecko) Version/4.0 Chrome/80.0.3987.99 Mobile Safari/537.36 AgentWeb/4.1.3  UCBrowser/11.6.4.950', 'X-Liuyi-App-Key': '6682119c5d55765c882bd2d9997df2c1', 'X-Requested-With': 'com.www.cn.zhimahaojie', 'Referer': 'http://rest79.652615.com/?appKey=6682119c5d55765c882bd2d9997df2c1&deviceId=4bc8be9552bb0131&wechat=0?deviceId=4bc8be9552bb0131&appName=%E8%8A%9D%E9%BA%BB%E5%A5%BD%E5%80%9F', 'Accept-Encoding': 'gzip, deflate', 'Accept-Language': 'zh-CN,zh;q=0.9,en-US;q=0.8,en;q=0.7', 'Connection': 'keep-alive'}
2021-09-13 14:05:35,103 - apiSend.py - INFO: 请求参数: {'time': 1631503361}
2021-09-13 14:05:35,103 - apiSend.py - INFO: 请求方法: GET
2021-09-13 14:05:35,104 - connectionpool.py - DEBUG: Starting new HTTP connection (1): api.652615.com:80
2021-09-13 14:05:35,209 - connectionpool.py - DEBUG: http://api.652615.com:80 "GET /liuyi/rest77/pay/ticket?time=1631503361 HTTP/1.1" 200 67
2021-09-13 14:05:35,209 - apiSend.py - INFO: 请求接口结果：
 (200, {'code': 200, 'data': '4462f396b54c7e9bed6c0faf429bac43', 'message': ''})
2021-09-13 14:15:42,825 - apiSend.py - INFO: ================================================================================
2021-09-13 14:15:42,825 - apiSend.py - DEBUG: 请求头处理结果：{'Host': 'api.652615.com', 'Origin': 'http://rest79.652615.com', 'X-Liuyi-Device-ID': '4bc8be9552bb0131', 'Authorization': 'Bearer 8b1eb1568245b5844e824d1df31e0a46', 'Content-Type': 'application/x-www-form-urlencoded;charset=utf-8', 'Accept': 'application/json, text/plain, */*', 'User-Agent': 'Mozilla/5.0 (Linux; Android 10; HRY-AL00a Build/HONORHRY-AL00a; wv) AppleWebKit/537.36 (KHTML, like Gecko) Version/4.0 Chrome/80.0.3987.99 Mobile Safari/537.36 AgentWeb/4.1.3  UCBrowser/11.6.4.950', 'X-Liuyi-App-Key': '6682119c5d55765c882bd2d9997df2c1', 'X-Requested-With': 'com.www.cn.zhimahaojie', 'Referer': 'http://rest79.652615.com/?appKey=6682119c5d55765c882bd2d9997df2c1&deviceId=4bc8be9552bb0131&wechat=0?deviceId=4bc8be9552bb0131&appName=%E8%8A%9D%E9%BA%BB%E5%A5%BD%E5%80%9F', 'Accept-Encoding': 'gzip, deflate', 'Accept-Language': 'zh-CN,zh;q=0.9,en-US;q=0.8,en;q=0.7', 'Connection': 'keep-alive'}
2021-09-13 14:15:42,825 - apiSend.py - DEBUG: 请求参数处理结果：{'time': 1631503361}
2021-09-13 14:15:42,825 - apiSend.py - DEBUG: host处理结果： api.652615.com
2021-09-13 14:15:42,825 - apiSend.py - INFO: 请求接口：vip_pay
2021-09-13 14:15:42,825 - apiSend.py - INFO: 请求头: {'Host': 'api.652615.com', 'Origin': 'http://rest79.652615.com', 'X-Liuyi-Device-ID': '4bc8be9552bb0131', 'Authorization': 'Bearer 8b1eb1568245b5844e824d1df31e0a46', 'Content-Type': 'application/x-www-form-urlencoded;charset=utf-8', 'Accept': 'application/json, text/plain, */*', 'User-Agent': 'Mozilla/5.0 (Linux; Android 10; HRY-AL00a Build/HONORHRY-AL00a; wv) AppleWebKit/537.36 (KHTML, like Gecko) Version/4.0 Chrome/80.0.3987.99 Mobile Safari/537.36 AgentWeb/4.1.3  UCBrowser/11.6.4.950', 'X-Liuyi-App-Key': '6682119c5d55765c882bd2d9997df2c1', 'X-Requested-With': 'com.www.cn.zhimahaojie', 'Referer': 'http://rest79.652615.com/?appKey=6682119c5d55765c882bd2d9997df2c1&deviceId=4bc8be9552bb0131&wechat=0?deviceId=4bc8be9552bb0131&appName=%E8%8A%9D%E9%BA%BB%E5%A5%BD%E5%80%9F', 'Accept-Encoding': 'gzip, deflate', 'Accept-Language': 'zh-CN,zh;q=0.9,en-US;q=0.8,en;q=0.7', 'Connection': 'keep-alive'}
2021-09-13 14:15:42,826 - apiSend.py - INFO: 请求参数: {'time': 1631503361}
2021-09-13 14:15:42,826 - apiSend.py - INFO: 请求方法: GET
2021-09-13 14:15:42,828 - connectionpool.py - DEBUG: Starting new HTTP connection (1): api.652615.com:80
2021-09-13 14:15:42,931 - connectionpool.py - DEBUG: http://api.652615.com:80 "GET /liuyi/rest77/pay/ticket?time=1631503361 HTTP/1.1" 200 67
2021-09-13 14:15:42,931 - apiSend.py - INFO: 请求接口结果：
 (200, {'code': 200, 'data': '2557dafa2efacea428bfe1635b6af920', 'message': ''})
2021-09-13 14:15:46,061 - apiSend.py - INFO: ================================================================================
2021-09-13 14:15:46,062 - apiSend.py - DEBUG: 请求头处理结果：{'Host': 'api.652615.com', 'Origin': 'http://rest79.652615.com', 'X-Liuyi-Device-ID': '4bc8be9552bb0131', 'Authorization': 'Bearer 8b1eb1568245b5844e824d1df31e0a46', 'Content-Type': 'application/x-www-form-urlencoded;charset=utf-8', 'Accept': 'application/json, text/plain, */*', 'User-Agent': 'Mozilla/5.0 (Linux; Android 10; HRY-AL00a Build/HONORHRY-AL00a; wv) AppleWebKit/537.36 (KHTML, like Gecko) Version/4.0 Chrome/80.0.3987.99 Mobile Safari/537.36 AgentWeb/4.1.3  UCBrowser/11.6.4.950', 'X-Liuyi-App-Key': '6682119c5d55765c882bd2d9997df2c1', 'X-Requested-With': 'com.www.cn.zhimahaojie', 'Referer': 'http://rest79.652615.com/?appKey=6682119c5d55765c882bd2d9997df2c1&deviceId=4bc8be9552bb0131&wechat=0?deviceId=4bc8be9552bb0131&appName=%E8%8A%9D%E9%BA%BB%E5%A5%BD%E5%80%9F', 'Accept-Encoding': 'gzip, deflate', 'Accept-Language': 'zh-CN,zh;q=0.9,en-US;q=0.8,en;q=0.7', 'Connection': 'keep-alive'}
2021-09-13 14:15:46,062 - apiSend.py - DEBUG: 请求参数处理结果：{'time': 1631503361}
2021-09-13 14:15:46,062 - apiSend.py - DEBUG: host处理结果： api.652615.com
2021-09-13 14:15:46,062 - apiSend.py - INFO: 请求接口：vip_pay
2021-09-13 14:15:46,062 - apiSend.py - INFO: 请求头: {'Host': 'api.652615.com', 'Origin': 'http://rest79.652615.com', 'X-Liuyi-Device-ID': '4bc8be9552bb0131', 'Authorization': 'Bearer 8b1eb1568245b5844e824d1df31e0a46', 'Content-Type': 'application/x-www-form-urlencoded;charset=utf-8', 'Accept': 'application/json, text/plain, */*', 'User-Agent': 'Mozilla/5.0 (Linux; Android 10; HRY-AL00a Build/HONORHRY-AL00a; wv) AppleWebKit/537.36 (KHTML, like Gecko) Version/4.0 Chrome/80.0.3987.99 Mobile Safari/537.36 AgentWeb/4.1.3  UCBrowser/11.6.4.950', 'X-Liuyi-App-Key': '6682119c5d55765c882bd2d9997df2c1', 'X-Requested-With': 'com.www.cn.zhimahaojie', 'Referer': 'http://rest79.652615.com/?appKey=6682119c5d55765c882bd2d9997df2c1&deviceId=4bc8be9552bb0131&wechat=0?deviceId=4bc8be9552bb0131&appName=%E8%8A%9D%E9%BA%BB%E5%A5%BD%E5%80%9F', 'Accept-Encoding': 'gzip, deflate', 'Accept-Language': 'zh-CN,zh;q=0.9,en-US;q=0.8,en;q=0.7', 'Connection': 'keep-alive'}
2021-09-13 14:15:46,062 - apiSend.py - INFO: 请求参数: {'time': 1631503361}
2021-09-13 14:15:46,062 - apiSend.py - INFO: 请求方法: GET
2021-09-13 14:15:46,064 - connectionpool.py - DEBUG: Starting new HTTP connection (1): api.652615.com:80
2021-09-13 14:15:46,167 - connectionpool.py - DEBUG: http://api.652615.com:80 "GET /liuyi/rest77/pay/ticket?time=1631503361 HTTP/1.1" 200 67
2021-09-13 14:15:46,168 - apiSend.py - INFO: 请求接口结果：
 (200, {'code': 200, 'data': '1c8228760b6e6b03af23365095ca5f56', 'message': ''})
2021-09-13 14:15:49,178 - apiSend.py - INFO: ================================================================================
2021-09-13 14:15:49,178 - apiSend.py - DEBUG: 请求头处理结果：{'Host': 'api.652615.com', 'Origin': 'http://rest79.652615.com', 'X-Liuyi-Device-ID': '4bc8be9552bb0131', 'Authorization': 'Bearer 8b1eb1568245b5844e824d1df31e0a46', 'Content-Type': 'application/x-www-form-urlencoded;charset=utf-8', 'Accept': 'application/json, text/plain, */*', 'User-Agent': 'Mozilla/5.0 (Linux; Android 10; HRY-AL00a Build/HONORHRY-AL00a; wv) AppleWebKit/537.36 (KHTML, like Gecko) Version/4.0 Chrome/80.0.3987.99 Mobile Safari/537.36 AgentWeb/4.1.3  UCBrowser/11.6.4.950', 'X-Liuyi-App-Key': '6682119c5d55765c882bd2d9997df2c1', 'X-Requested-With': 'com.www.cn.zhimahaojie', 'Referer': 'http://rest79.652615.com/?appKey=6682119c5d55765c882bd2d9997df2c1&deviceId=4bc8be9552bb0131&wechat=0?deviceId=4bc8be9552bb0131&appName=%E8%8A%9D%E9%BA%BB%E5%A5%BD%E5%80%9F', 'Accept-Encoding': 'gzip, deflate', 'Accept-Language': 'zh-CN,zh;q=0.9,en-US;q=0.8,en;q=0.7', 'Connection': 'keep-alive'}
2021-09-13 14:15:49,178 - apiSend.py - DEBUG: 请求参数处理结果：{'time': 1631503361}
2021-09-13 14:15:49,178 - apiSend.py - DEBUG: host处理结果： api.652615.com
2021-09-13 14:15:49,178 - apiSend.py - INFO: 请求接口：vip_pay
2021-09-13 14:15:49,179 - apiSend.py - INFO: 请求头: {'Host': 'api.652615.com', 'Origin': 'http://rest79.652615.com', 'X-Liuyi-Device-ID': '4bc8be9552bb0131', 'Authorization': 'Bearer 8b1eb1568245b5844e824d1df31e0a46', 'Content-Type': 'application/x-www-form-urlencoded;charset=utf-8', 'Accept': 'application/json, text/plain, */*', 'User-Agent': 'Mozilla/5.0 (Linux; Android 10; HRY-AL00a Build/HONORHRY-AL00a; wv) AppleWebKit/537.36 (KHTML, like Gecko) Version/4.0 Chrome/80.0.3987.99 Mobile Safari/537.36 AgentWeb/4.1.3  UCBrowser/11.6.4.950', 'X-Liuyi-App-Key': '6682119c5d55765c882bd2d9997df2c1', 'X-Requested-With': 'com.www.cn.zhimahaojie', 'Referer': 'http://rest79.652615.com/?appKey=6682119c5d55765c882bd2d9997df2c1&deviceId=4bc8be9552bb0131&wechat=0?deviceId=4bc8be9552bb0131&appName=%E8%8A%9D%E9%BA%BB%E5%A5%BD%E5%80%9F', 'Accept-Encoding': 'gzip, deflate', 'Accept-Language': 'zh-CN,zh;q=0.9,en-US;q=0.8,en;q=0.7', 'Connection': 'keep-alive'}
2021-09-13 14:15:49,179 - apiSend.py - INFO: 请求参数: {'time': 1631503361}
2021-09-13 14:15:49,179 - apiSend.py - INFO: 请求方法: GET
2021-09-13 14:15:49,180 - connectionpool.py - DEBUG: Starting new HTTP connection (1): api.652615.com:80
2021-09-13 14:15:49,290 - connectionpool.py - DEBUG: http://api.652615.com:80 "GET /liuyi/rest77/pay/ticket?time=1631503361 HTTP/1.1" 200 67
2021-09-13 14:15:49,290 - apiSend.py - INFO: 请求接口结果：
 (200, {'code': 200, 'data': '3c9d8d4260a610dfdb40900b06e88309', 'message': ''})
2021-09-13 14:15:52,299 - apiSend.py - INFO: ================================================================================
2021-09-13 14:15:52,300 - apiSend.py - DEBUG: 请求头处理结果：{'Host': 'api.652615.com', 'Origin': 'http://rest79.652615.com', 'X-Liuyi-Device-ID': '4bc8be9552bb0131', 'Authorization': 'Bearer 8b1eb1568245b5844e824d1df31e0a46', 'Content-Type': 'application/x-www-form-urlencoded;charset=utf-8', 'Accept': 'application/json, text/plain, */*', 'User-Agent': 'Mozilla/5.0 (Linux; Android 10; HRY-AL00a Build/HONORHRY-AL00a; wv) AppleWebKit/537.36 (KHTML, like Gecko) Version/4.0 Chrome/80.0.3987.99 Mobile Safari/537.36 AgentWeb/4.1.3  UCBrowser/11.6.4.950', 'X-Liuyi-App-Key': '6682119c5d55765c882bd2d9997df2c1', 'X-Requested-With': 'com.www.cn.zhimahaojie', 'Referer': 'http://rest79.652615.com/?appKey=6682119c5d55765c882bd2d9997df2c1&deviceId=4bc8be9552bb0131&wechat=0?deviceId=4bc8be9552bb0131&appName=%E8%8A%9D%E9%BA%BB%E5%A5%BD%E5%80%9F', 'Accept-Encoding': 'gzip, deflate', 'Accept-Language': 'zh-CN,zh;q=0.9,en-US;q=0.8,en;q=0.7', 'Connection': 'keep-alive'}
2021-09-13 14:15:52,300 - apiSend.py - DEBUG: 请求参数处理结果：{'time': 1631503361}
2021-09-13 14:15:52,300 - apiSend.py - DEBUG: host处理结果： api.652615.com
2021-09-13 14:15:52,300 - apiSend.py - INFO: 请求接口：vip_pay
2021-09-13 14:15:52,300 - apiSend.py - INFO: 请求头: {'Host': 'api.652615.com', 'Origin': 'http://rest79.652615.com', 'X-Liuyi-Device-ID': '4bc8be9552bb0131', 'Authorization': 'Bearer 8b1eb1568245b5844e824d1df31e0a46', 'Content-Type': 'application/x-www-form-urlencoded;charset=utf-8', 'Accept': 'application/json, text/plain, */*', 'User-Agent': 'Mozilla/5.0 (Linux; Android 10; HRY-AL00a Build/HONORHRY-AL00a; wv) AppleWebKit/537.36 (KHTML, like Gecko) Version/4.0 Chrome/80.0.3987.99 Mobile Safari/537.36 AgentWeb/4.1.3  UCBrowser/11.6.4.950', 'X-Liuyi-App-Key': '6682119c5d55765c882bd2d9997df2c1', 'X-Requested-With': 'com.www.cn.zhimahaojie', 'Referer': 'http://rest79.652615.com/?appKey=6682119c5d55765c882bd2d9997df2c1&deviceId=4bc8be9552bb0131&wechat=0?deviceId=4bc8be9552bb0131&appName=%E8%8A%9D%E9%BA%BB%E5%A5%BD%E5%80%9F', 'Accept-Encoding': 'gzip, deflate', 'Accept-Language': 'zh-CN,zh;q=0.9,en-US;q=0.8,en;q=0.7', 'Connection': 'keep-alive'}
2021-09-13 14:15:52,300 - apiSend.py - INFO: 请求参数: {'time': 1631503361}
2021-09-13 14:15:52,300 - apiSend.py - INFO: 请求方法: GET
2021-09-13 14:15:52,302 - connectionpool.py - DEBUG: Starting new HTTP connection (1): api.652615.com:80
2021-09-13 14:15:52,403 - connectionpool.py - DEBUG: http://api.652615.com:80 "GET /liuyi/rest77/pay/ticket?time=1631503361 HTTP/1.1" 200 67
2021-09-13 14:15:52,404 - apiSend.py - INFO: 请求接口结果：
 (200, {'code': 200, 'data': '4a9f18226756074aaf732c21f40ad57f', 'message': ''})
2021-09-13 17:55:18,454 - initializePremise.py - INFO: 执行测试用例前置接口
2021-09-13 17:55:18,454 - apiSend.py - INFO: ================================================================================
2021-09-13 17:55:18,454 - apiSend.py - DEBUG: 请求头处理结果：{'Accept': 'application/json, text/plain, */*', 'Accept-Encoding': 'gzip, deflate', 'Accept-Language': 'zh-CN,zh;q=0.9,en-US;q=0.8,en;q=0.7', 'Authorization': 'Bearer 8b1eb1568245b5844e824d1df31e0a46', 'Connection': 'keep-alive', 'Content-Type': 'application/x-www-form-urlencoded;charset=utf-8', 'Host': 'api.652615.com', 'Origin': 'http://rest79.652615.com', 'Referer': 'http://rest79.652615.com/?appKey=6682119c5d55765c882bd2d9997df2c1&deviceId=4bc8be9552bb0131&wechat=0?deviceId=4bc8be9552bb0131&appName=%E8%8A%9D%E9%BA%BB%E5%A5%BD%E5%80%9F', 'User-Agent': 'Mozilla/5.0 (Linux; Android 10; HRY-AL00a Build/HONORHRY-AL00a; wv) AppleWebKit/537.36 (KHTML, like Gecko) Version/4.0 Chrome/80.0.3987.99 Mobile Safari/537.36 AgentWeb/4.1.3  UCBrowser/11.6.4.950', 'X-Liuyi-App-Key': '6682119c5d55765c882bd2d9997df2c1', 'X-Liuyi-Device-ID': '4bc8be9552bb0131', 'X-Requested-With': 'com.www.cn.zhimahaojie'}
2021-09-13 17:55:18,455 - apiSend.py - DEBUG: 请求参数处理结果：{'time': 1631524244}
2021-09-13 17:55:18,455 - apiSend.py - DEBUG: host处理结果： api.652615.com
2021-09-13 17:55:18,455 - apiSend.py - INFO: 请求接口：vip_goods_of_yueka
2021-09-13 17:55:18,455 - apiSend.py - INFO: 请求头: {'Accept': 'application/json, text/plain, */*', 'Accept-Encoding': 'gzip, deflate', 'Accept-Language': 'zh-CN,zh;q=0.9,en-US;q=0.8,en;q=0.7', 'Authorization': 'Bearer 8b1eb1568245b5844e824d1df31e0a46', 'Connection': 'keep-alive', 'Content-Type': 'application/x-www-form-urlencoded;charset=utf-8', 'Host': 'api.652615.com', 'Origin': 'http://rest79.652615.com', 'Referer': 'http://rest79.652615.com/?appKey=6682119c5d55765c882bd2d9997df2c1&deviceId=4bc8be9552bb0131&wechat=0?deviceId=4bc8be9552bb0131&appName=%E8%8A%9D%E9%BA%BB%E5%A5%BD%E5%80%9F', 'User-Agent': 'Mozilla/5.0 (Linux; Android 10; HRY-AL00a Build/HONORHRY-AL00a; wv) AppleWebKit/537.36 (KHTML, like Gecko) Version/4.0 Chrome/80.0.3987.99 Mobile Safari/537.36 AgentWeb/4.1.3  UCBrowser/11.6.4.950', 'X-Liuyi-App-Key': '6682119c5d55765c882bd2d9997df2c1', 'X-Liuyi-Device-ID': '4bc8be9552bb0131', 'X-Requested-With': 'com.www.cn.zhimahaojie'}
2021-09-13 17:55:18,455 - apiSend.py - INFO: 请求参数: {'time': 1631524244}
2021-09-13 17:55:18,458 - apiSend.py - INFO: 请求方法: GET
2021-09-13 17:55:18,460 - connectionpool.py - DEBUG: Starting new HTTP connection (1): api.652615.com:80
2021-09-13 17:55:18,567 - connectionpool.py - DEBUG: http://api.652615.com:80 "GET /liuyi/rest79/pay/ticket?time=1631524244 HTTP/1.1" 200 67
2021-09-13 17:55:18,568 - apiSend.py - INFO: 请求接口结果：
 (200, {'code': 200, 'data': 'c9ffcbbb4c14bc49551e9cab86d56060', 'message': ''})
2021-09-13 17:55:18,568 - readResultRelevance.py - DEBUG: 从返回结果中根据关联键data提取值
2021-09-13 17:55:18,568 - readResultRelevance.py - DEBUG: 提取后，关联键对象
{'data': 'c9ffcbbb4c14bc49551e9cab86d56060'}
2021-09-13 17:55:18,594 - apiSend.py - INFO: ================================================================================
2021-09-13 17:55:18,595 - apiSend.py - DEBUG: 请求头处理结果：{'Accept': 'application/json, text/plain, */*', 'Accept-Encoding': 'gzip, deflate', 'Accept-Language': 'zh-CN,zh;q=0.9,en-US;q=0.8,en;q=0.7', 'Authorization': 'Bearer 8b1eb1568245b5844e824d1df31e0a46', 'Connection': 'keep-alive', 'Content-Type': 'application/x-www-form-urlencoded;charset=utf-8', 'Host': 'api.652615.com', 'Origin': 'http://rest79.652615.com', 'Referer': 'http://rest79.652615.com/?appKey=6682119c5d55765c882bd2d9997df2c1&deviceId=4bc8be9552bb0131&wechat=0?deviceId=4bc8be9552bb0131&appName=%E8%8A%9D%E9%BA%BB%E5%A5%BD%E5%80%9F', 'User-Agent': 'Mozilla/5.0 (Linux; Android 10; HRY-AL00a Build/HONORHRY-AL00a; wv) AppleWebKit/537.36 (KHTML, like Gecko) Version/4.0 Chrome/80.0.3987.99 Mobile Safari/537.36 AgentWeb/4.1.3  UCBrowser/11.6.4.950', 'X-Liuyi-App-Key': '6682119c5d55765c882bd2d9997df2c1', 'X-Liuyi-Device-ID': '4bc8be9552bb0131', 'X-Requested-With': 'com.www.cn.zhimahaojie'}
2021-09-13 17:55:18,595 - apiSend.py - DEBUG: 请求参数处理结果：{'bizKey': 2, 'goodsId': 766, 'pay': 'alipay', 'returnUrl': '/find', 'ticket': 'c9ffcbbb4c14bc49551e9cab86d56060', 'way': 'alipay_app'}
2021-09-13 17:55:18,595 - apiSend.py - DEBUG: host处理结果： api.652615.com
2021-09-13 17:55:18,595 - apiSend.py - INFO: 请求接口：vip_pay
2021-09-13 17:55:18,595 - apiSend.py - INFO: 请求头: {'Accept': 'application/json, text/plain, */*', 'Accept-Encoding': 'gzip, deflate', 'Accept-Language': 'zh-CN,zh;q=0.9,en-US;q=0.8,en;q=0.7', 'Authorization': 'Bearer 8b1eb1568245b5844e824d1df31e0a46', 'Connection': 'keep-alive', 'Content-Type': 'application/x-www-form-urlencoded;charset=utf-8', 'Host': 'api.652615.com', 'Origin': 'http://rest79.652615.com', 'Referer': 'http://rest79.652615.com/?appKey=6682119c5d55765c882bd2d9997df2c1&deviceId=4bc8be9552bb0131&wechat=0?deviceId=4bc8be9552bb0131&appName=%E8%8A%9D%E9%BA%BB%E5%A5%BD%E5%80%9F', 'User-Agent': 'Mozilla/5.0 (Linux; Android 10; HRY-AL00a Build/HONORHRY-AL00a; wv) AppleWebKit/537.36 (KHTML, like Gecko) Version/4.0 Chrome/80.0.3987.99 Mobile Safari/537.36 AgentWeb/4.1.3  UCBrowser/11.6.4.950', 'X-Liuyi-App-Key': '6682119c5d55765c882bd2d9997df2c1', 'X-Liuyi-Device-ID': '4bc8be9552bb0131', 'X-Requested-With': 'com.www.cn.zhimahaojie'}
2021-09-13 17:55:18,595 - apiSend.py - INFO: 请求参数: {'bizKey': 2, 'goodsId': 766, 'pay': 'alipay', 'returnUrl': '/find', 'ticket': 'c9ffcbbb4c14bc49551e9cab86d56060', 'way': 'alipay_app'}
2021-09-13 17:55:18,598 - apiSend.py - INFO: 请求方法: GET
2021-09-13 17:55:18,600 - connectionpool.py - DEBUG: Starting new HTTP connection (1): api.652615.com:80
2021-09-13 17:55:19,281 - connectionpool.py - DEBUG: http://api.652615.com:80 "GET /liuyi/rest77/pay/acquire?bizKey=2&goodsId=766&pay=alipay&returnUrl=%2Ffind&ticket=c9ffcbbb4c14bc49551e9cab86d56060&way=alipay_app HTTP/1.1" 200 1203
2021-09-13 17:55:19,282 - apiSend.py - INFO: 请求接口结果：
 (200, {'code': 200, 'data': {'amount': 39.7, 'bizKey': '2', 'body': 'alipay_sdk=alipay-sdk-java-3.7.73.ALL&app_id=2021002117663516&biz_content=%7B%22body%22%3A%22%E5%AD%A3%E5%8D%A1%22%2C%22out_trade_no%22%3A%222569391297074348032%22%2C%22product_code%22%3A%22QUICK_MSECURITY_PAY%22%2C%22subject%22%3A%22%E5%AD%A3%E5%8D%A1%22%2C%22total_amount%22%3A%2239.7%22%7D&charset=UTF-8&format=json&method=alipay.trade.app.pay&notify_url=http%3A%2F%2Fapi.652615.com%2Fliuyi%2Fcloud%2Fuser%2Fpayment%2Fali_notify&sign=GPq%2FxWPFgVseYG7UXtAzs8ofXjIfzpOBVI7X0JlS6P1Lm6uiGEFma%2Ff7KwuwMOdHzUsE6XdGn2g%2Br%2FhW4fukP1q6NupmDg68gixtu1y7J%2FAcVlMMv%2BXBDCINmbI%2BYDSnrcE6GMfdkD%2Bvrw7kp3Hdmu9BWZ%2BlXOahYEXVuSnuvck0yDlhyXS%2Ba9MbYXuLFIK%2B587%2F9FOebM8MGMEvkW7DJ6fm4WeyNpm0rpe260HP6NPKB6WxD7WLXfbBKaLMaAqkiuTjiG7Omfa79cXzeGF1mxbur%2B9FJFzXDRvjCogmkMKleDRQF7vl7vU4MfCsEXneMVU3ZgPr4n4PGu%2Blu4xyxg%3D%3D&sign_type=RSA2&timestamp=2021-09-13+17%3A57%3A04&version=1.0', 'code_url': '', 'couponAmount': 0, 'cp': None, 'discountPrice': 39.7, 'goodsDesc': '季卡', 'goodsName': '尊享VIP（ 客服WX：TK150015 )', 'goodsQuantity': 1, 'mweb_url': '', 'out_trade_no': '2569391297074348032', 'payType': '', 'payWay': '', 'prepay_id': '', 'price': 199.7}, 'message': ''})
